2022-02-08 09:31:16,764 INFO org.springframework.boot.StartupInfoLogger [main] Starting MyshopApplication using Java 15.0.1 on alex-MSI with PID 11368 (D:\clase\2ºDAM\AD\Cosas de primavera\Aeropuerto.swagger\target\classes started by alexP in D:\clase\2ºDAM\AD\Cosas de primavera\Aeropuerto.swagger)
2022-02-08 09:31:16,770 INFO org.springframework.boot.SpringApplication [main] No active profile set, falling back to default profiles: default
2022-02-08 09:31:17,708 INFO org.springframework.data.repository.config.RepositoryConfigurationDelegate [main] Bootstrapping Spring Data JPA repositories in DEFAULT mode.
2022-02-08 09:31:17,786 INFO org.springframework.data.repository.config.RepositoryConfigurationDelegate [main] Finished Spring Data repository scanning in 62 ms. Found 2 JPA repository interfaces.
2022-02-08 09:31:18,468 INFO org.springframework.boot.web.embedded.tomcat.TomcatWebServer [main] Tomcat initialized with port(s): 8081 (http)
2022-02-08 09:31:18,481 INFO org.apache.juli.logging.DirectJDKLog [main] Initializing ProtocolHandler ["http-nio-8081"]
2022-02-08 09:31:18,482 INFO org.apache.juli.logging.DirectJDKLog [main] Starting service [Tomcat]
2022-02-08 09:31:18,482 INFO org.apache.juli.logging.DirectJDKLog [main] Starting Servlet engine: [Apache Tomcat/9.0.43]
2022-02-08 09:31:18,605 INFO org.apache.juli.logging.DirectJDKLog [main] Initializing Spring embedded WebApplicationContext
2022-02-08 09:31:18,605 INFO org.springframework.boot.web.servlet.context.ServletWebServerApplicationContext [main] Root WebApplicationContext: initialization completed in 1766 ms
2022-02-08 09:31:18,846 INFO org.hibernate.jpa.internal.util.LogHelper [main] HHH000204: Processing PersistenceUnitInfo [name: default]
2022-02-08 09:31:18,909 INFO org.hibernate.Version [main] HHH000412: Hibernate ORM core version 5.4.28.Final
2022-02-08 09:31:19,097 INFO org.hibernate.annotations.common.reflection.java.JavaReflectionManager [main] HCANN000001: Hibernate Commons Annotations {5.1.2.Final}
2022-02-08 09:31:19,221 INFO com.zaxxer.hikari.HikariDataSource [main] HikariPool-1 - Starting...
2022-02-08 09:31:19,449 INFO com.zaxxer.hikari.HikariDataSource [main] HikariPool-1 - Start completed.
2022-02-08 09:31:19,481 INFO org.hibernate.dialect.Dialect [main] HHH000400: Using dialect: org.hibernate.dialect.MySQL55Dialect
2022-02-08 09:31:20,369 INFO org.hibernate.engine.transaction.jta.platform.internal.JtaPlatformInitiator [main] HHH000490: Using JtaPlatform implementation: [org.hibernate.engine.transaction.jta.platform.internal.NoJtaPlatform]
2022-02-08 09:31:20,386 INFO org.springframework.orm.jpa.AbstractEntityManagerFactoryBean [main] Initialized JPA EntityManagerFactory for persistence unit 'default'
2022-02-08 09:31:20,888 WARN org.springframework.boot.autoconfigure.orm.jpa.JpaBaseConfiguration$JpaWebConfiguration [main] spring.jpa.open-in-view is enabled by default. Therefore, database queries may be performed during view rendering. Explicitly configure spring.jpa.open-in-view to disable this warning
2022-02-08 09:31:20,970 INFO org.springframework.scheduling.concurrent.ExecutorConfigurationSupport [main] Initializing ExecutorService 'applicationTaskExecutor'
2022-02-08 09:31:21,947 INFO org.apache.juli.logging.DirectJDKLog [main] Starting ProtocolHandler ["http-nio-8081"]
2022-02-08 09:31:21,989 INFO org.springframework.boot.web.embedded.tomcat.TomcatWebServer [main] Tomcat started on port(s): 8081 (http) with context path ''
2022-02-08 09:31:22,004 INFO org.springframework.boot.StartupInfoLogger [main] Started MyshopApplication in 5.755 seconds (JVM running for 6.178)
2022-02-08 09:31:28,688 INFO org.apache.juli.logging.DirectJDKLog [http-nio-8081-exec-2] Initializing Spring DispatcherServlet 'dispatcherServlet'
2022-02-08 09:31:28,689 INFO org.springframework.web.servlet.FrameworkServlet [http-nio-8081-exec-2] Initializing Servlet 'dispatcherServlet'
2022-02-08 09:31:28,693 INFO org.springframework.web.servlet.FrameworkServlet [http-nio-8081-exec-2] Completed initialization in 3 ms
2022-02-08 09:31:29,907 INFO org.springdoc.api.AbstractOpenApiResource [http-nio-8081-exec-9] Init duration for springdoc-openapi is: 651 ms
2022-02-08 09:41:34,073 INFO org.springframework.boot.StartupInfoLogger [main] Starting MyshopApplication using Java 15.0.1 on alex-MSI with PID 1324 (D:\clase\2ºDAM\AD\Cosas de primavera\Aeropuerto.swagger\target\classes started by alexP in D:\clase\2ºDAM\AD\Cosas de primavera\Aeropuerto.swagger)
2022-02-08 09:41:34,079 INFO org.springframework.boot.SpringApplication [main] No active profile set, falling back to default profiles: default
2022-02-08 09:41:34,948 INFO org.springframework.data.repository.config.RepositoryConfigurationDelegate [main] Bootstrapping Spring Data JPA repositories in DEFAULT mode.
2022-02-08 09:41:35,012 INFO org.springframework.data.repository.config.RepositoryConfigurationDelegate [main] Finished Spring Data repository scanning in 53 ms. Found 2 JPA repository interfaces.
2022-02-08 09:41:35,621 INFO org.springframework.boot.web.embedded.tomcat.TomcatWebServer [main] Tomcat initialized with port(s): 8081 (http)
2022-02-08 09:41:35,632 INFO org.apache.juli.logging.DirectJDKLog [main] Initializing ProtocolHandler ["http-nio-8081"]
2022-02-08 09:41:35,633 INFO org.apache.juli.logging.DirectJDKLog [main] Starting service [Tomcat]
2022-02-08 09:41:35,633 INFO org.apache.juli.logging.DirectJDKLog [main] Starting Servlet engine: [Apache Tomcat/9.0.43]
2022-02-08 09:41:35,746 INFO org.apache.juli.logging.DirectJDKLog [main] Initializing Spring embedded WebApplicationContext
2022-02-08 09:41:35,746 INFO org.springframework.boot.web.servlet.context.ServletWebServerApplicationContext [main] Root WebApplicationContext: initialization completed in 1581 ms
2022-02-08 09:41:35,954 INFO org.hibernate.jpa.internal.util.LogHelper [main] HHH000204: Processing PersistenceUnitInfo [name: default]
2022-02-08 09:41:36,003 INFO org.hibernate.Version [main] HHH000412: Hibernate ORM core version 5.4.28.Final
2022-02-08 09:41:36,133 INFO org.hibernate.annotations.common.reflection.java.JavaReflectionManager [main] HCANN000001: Hibernate Commons Annotations {5.1.2.Final}
2022-02-08 09:41:36,248 INFO com.zaxxer.hikari.HikariDataSource [main] HikariPool-1 - Starting...
2022-02-08 09:41:36,425 INFO com.zaxxer.hikari.HikariDataSource [main] HikariPool-1 - Start completed.
2022-02-08 09:41:36,454 INFO org.hibernate.dialect.Dialect [main] HHH000400: Using dialect: org.hibernate.dialect.MySQL55Dialect
2022-02-08 09:41:37,035 INFO org.hibernate.engine.transaction.jta.platform.internal.JtaPlatformInitiator [main] HHH000490: Using JtaPlatform implementation: [org.hibernate.engine.transaction.jta.platform.internal.NoJtaPlatform]
2022-02-08 09:41:37,044 INFO org.springframework.orm.jpa.AbstractEntityManagerFactoryBean [main] Initialized JPA EntityManagerFactory for persistence unit 'default'
2022-02-08 09:41:37,499 WARN org.springframework.boot.autoconfigure.orm.jpa.JpaBaseConfiguration$JpaWebConfiguration [main] spring.jpa.open-in-view is enabled by default. Therefore, database queries may be performed during view rendering. Explicitly configure spring.jpa.open-in-view to disable this warning
2022-02-08 09:41:37,574 INFO org.springframework.scheduling.concurrent.ExecutorConfigurationSupport [main] Initializing ExecutorService 'applicationTaskExecutor'
2022-02-08 09:41:38,473 INFO org.apache.juli.logging.DirectJDKLog [main] Starting ProtocolHandler ["http-nio-8081"]
2022-02-08 09:41:38,499 INFO org.springframework.boot.web.embedded.tomcat.TomcatWebServer [main] Tomcat started on port(s): 8081 (http) with context path ''
2022-02-08 09:41:38,509 INFO org.springframework.boot.StartupInfoLogger [main] Started MyshopApplication in 4.887 seconds (JVM running for 5.305)
2022-02-08 09:41:45,401 INFO org.apache.juli.logging.DirectJDKLog [http-nio-8081-exec-1] Initializing Spring DispatcherServlet 'dispatcherServlet'
2022-02-08 09:41:45,402 INFO org.springframework.web.servlet.FrameworkServlet [http-nio-8081-exec-1] Initializing Servlet 'dispatcherServlet'
2022-02-08 09:41:45,415 INFO org.springframework.web.servlet.FrameworkServlet [http-nio-8081-exec-1] Completed initialization in 2 ms
2022-02-08 09:41:46,643 INFO org.springdoc.api.AbstractOpenApiResource [http-nio-8081-exec-3] Init duration for springdoc-openapi is: 792 ms
2022-02-08 09:44:08,169 INFO com.sanvalero.myshop.controller.VieloController [http-nio-8081-exec-5] inicio getVuelos
2022-02-08 09:44:08,857 INFO com.sanvalero.myshop.controller.VieloController [http-nio-8081-exec-5] fin getVuelos
